2023-04-28 23:41:09.016 [info] Log level: Info
2023-04-28 23:41:09.016 [info] Validating found git in: "git"
2023-04-28 23:41:09.016 [info] Using git "2.34.1" from "git"
2023-04-28 23:41:09.016 [info] > git rev-parse --show-toplevel [51ms]
2023-04-28 23:41:09.017 [info] > git rev-parse --git-dir --git-common-dir [2ms]
2023-04-28 23:41:09.040 [info] Open repository: /home/marc/TicTacToe
2023-04-28 23:41:09.109 [info] > git config --get commit.template [8ms]
2023-04-28 23:41:09.110 [info] No remotes found in the git config file.
2023-04-28 23:41:09.111 [info] > git for-each-ref --format=%(refname)%00%(upstream:short)%00%(objectname)%00%(upstream:track)%00%(upstream:remotename)%00%(upstream:remoteref) refs/heads/master refs/remotes/master [3ms]
2023-04-28 23:41:09.126 [info] > git status -z -uall [8ms]
2023-04-28 23:41:09.143 [info] > git config --get commit.template [2ms]
2023-04-28 23:41:09.148 [info] No remotes found in the git config file.
2023-04-28 23:41:09.149 [info] > git for-each-ref --format=%(refname)%00%(upstream:short)%00%(objectname)%00%(upstream:track)%00%(upstream:remotename)%00%(upstream:remoteref) refs/heads/master refs/remotes/master [1ms]
2023-04-28 23:41:09.154 [info] > git status -z -uall [1ms]
2023-04-28 23:41:09.602 [info] > git check-ignore -v -z --stdin [26ms]
2023-04-28 23:41:09.603 [info] > git show --textconv :index.html [18ms]
2023-04-28 23:41:09.604 [info] > git ls-files --stage -- /home/marc/TicTacToe/index.html [14ms]
2023-04-28 23:41:09.624 [info] > git cat-file -s e69de29bb2d1d6434b8b29ae775ad8c2e48c5391 [16ms]
2023-04-28 23:41:20.585 [info] > git show --textconv :gits basics.text [5ms]
2023-04-28 23:41:20.588 [info] > git ls-files --stage -- /home/marc/TicTacToe/gits basics.text [3ms]
2023-04-28 23:41:20.849 [info] > git check-ignore -v -z --stdin [0ms]
2023-04-28 23:41:21.414 [info] > git config --get commit.template [1ms]
2023-04-28 23:41:21.419 [info] No remotes found in the git config file.
2023-04-28 23:41:21.420 [info] > git for-each-ref --format=%(refname)%00%(upstream:short)%00%(objectname)%00%(upstream:track)%00%(upstream:remotename)%00%(upstream:remoteref) refs/heads/master refs/remotes/master [3ms]
2023-04-28 23:41:21.425 [info] > git status -z -uall [1ms]
2023-04-28 23:47:25.162 [info] No remotes found in the git config file.
2023-04-28 23:47:25.163 [info] > git config --get commit.template [6ms]
2023-04-28 23:47:25.164 [info] > git for-each-ref --format=%(refname)%00%(upstream:short)%00%(objectname)%00%(upstream:track)%00%(upstream:remotename)%00%(upstream:remoteref) refs/heads/master refs/remotes/master [3ms]
2023-04-28 23:47:25.168 [info] > git status -z -uall [1ms]
