2023-05-10 13:50:02.680 [info] Log level: Info
2023-05-10 13:50:02.680 [info] Validating found git in: "git"
2023-05-10 13:50:02.680 [info] Using git "2.34.1" from "git"
2023-05-10 13:50:02.680 [info] > git rev-parse --show-toplevel [50ms]
2023-05-10 13:50:02.681 [info] > git rev-parse --git-dir --git-common-dir [1ms]
2023-05-10 13:50:02.693 [info] Open repository: /home/marc/TicTacToe
2023-05-10 13:50:02.763 [info] > git config --get commit.template [16ms]
2023-05-10 13:50:02.772 [info] No remotes found in the git config file.
2023-05-10 13:50:02.776 [info] > git for-each-ref --format=%(refname)%00%(upstream:short)%00%(objectname)%00%(upstream:track)%00%(upstream:remotename)%00%(upstream:remoteref) refs/heads/master refs/remotes/master [6ms]
2023-05-10 13:50:02.791 [info] > git status -z -uall [7ms]
2023-05-10 13:50:02.809 [info] > git config --get commit.template [1ms]
2023-05-10 13:50:02.812 [info] No remotes found in the git config file.
2023-05-10 13:50:02.814 [info] > git for-each-ref --format=%(refname)%00%(upstream:short)%00%(objectname)%00%(upstream:track)%00%(upstream:remotename)%00%(upstream:remoteref) refs/heads/master refs/remotes/master [1ms]
2023-05-10 13:50:02.820 [info] > git status -z -uall [2ms]
2023-05-10 13:50:03.198 [info] > git ls-files --stage -- /home/marc/TicTacToe/index.html [1ms]
2023-05-10 13:50:03.201 [info] > git show --textconv :index.html [8ms]
2023-05-10 13:50:03.203 [info] > git cat-file -s e69de29bb2d1d6434b8b29ae775ad8c2e48c5391 [2ms]
2023-05-10 13:50:03.213 [info] > git check-ignore -v -z --stdin [2ms]
2023-05-10 14:03:01.409 [info] > git show --textconv :gits basics.text [13ms]
2023-05-10 14:03:01.410 [info] > git ls-files --stage -- /home/marc/TicTacToe/gits basics.text [3ms]
