2023-05-10 13:10:40.870 [info] Log level: Info
2023-05-10 13:10:40.870 [info] Validating found git in: "git"
2023-05-10 13:10:40.870 [info] Using git "2.34.1" from "git"
2023-05-10 13:10:40.870 [info] > git rev-parse --show-toplevel [33ms]
2023-05-10 13:10:40.871 [info] > git rev-parse --git-dir --git-common-dir [1ms]
2023-05-10 13:10:40.880 [info] Open repository: /home/marc/TicTacToe
2023-05-10 13:10:40.916 [info] > git config --get commit.template [4ms]
2023-05-10 13:10:40.921 [info] No remotes found in the git config file.
2023-05-10 13:10:40.923 [info] > git for-each-ref --format=%(refname)%00%(upstream:short)%00%(objectname)%00%(upstream:track)%00%(upstream:remotename)%00%(upstream:remoteref) refs/heads/master refs/remotes/master [3ms]
2023-05-10 13:10:40.932 [info] > git status -z -uall [6ms]
2023-05-10 13:10:40.945 [info] > git config --get commit.template [3ms]
2023-05-10 13:10:40.949 [info] No remotes found in the git config file.
2023-05-10 13:10:40.949 [info] > git for-each-ref --format=%(refname)%00%(upstream:short)%00%(objectname)%00%(upstream:track)%00%(upstream:remotename)%00%(upstream:remoteref) refs/heads/master refs/remotes/master [0ms]
2023-05-10 13:10:40.955 [info] > git status -z -uall [1ms]
2023-05-10 13:10:41.261 [info] > git show --textconv :gits basics.text [6ms]
2023-05-10 13:10:41.262 [info] > git ls-files --stage -- /home/marc/TicTacToe/gits basics.text [2ms]
2023-05-10 13:10:41.522 [info] > git check-ignore -v -z --stdin [35ms]
2023-05-10 13:11:04.863 [info] > git ls-files --stage -- /home/marc/TicTacToe/index.html [1ms]
2023-05-10 13:11:04.867 [info] > git show --textconv :index.html [9ms]
2023-05-10 13:11:04.868 [info] > git cat-file -s e69de29bb2d1d6434b8b29ae775ad8c2e48c5391 [2ms]
2023-05-10 13:11:05.970 [info] > git show --textconv :app.css [7ms]
2023-05-10 13:11:05.970 [info] > git ls-files --stage -- /home/marc/TicTacToe/app.css [3ms]
2023-05-10 13:11:06.397 [info] > git show --textconv :app.js [6ms]
2023-05-10 13:11:06.399 [info] > git ls-files --stage -- /home/marc/TicTacToe/app.js [2ms]
2023-05-10 13:11:09.680 [info] > git show --textconv :app.css [7ms]
2023-05-10 13:11:09.680 [info] > git ls-files --stage -- /home/marc/TicTacToe/app.css [1ms]
2023-05-10 13:11:10.303 [info] > git show --textconv :app.js [6ms]
2023-05-10 13:11:10.305 [info] > git ls-files --stage -- /home/marc/TicTacToe/app.js [2ms]
2023-05-10 13:11:10.816 [info] > git show --textconv :command_line.txt [5ms]
2023-05-10 13:11:10.816 [info] > git ls-files --stage -- /home/marc/TicTacToe/command_line.txt [1ms]
2023-05-10 13:11:16.002 [info] > git show --textconv :images [4ms]
2023-05-10 13:11:16.003 [info] > git ls-files --stage -- /home/marc/TicTacToe/images [1ms]
2023-05-10 13:11:16.459 [info] > git show --textconv :index.html [4ms]
2023-05-10 13:11:16.459 [info] > git ls-files --stage -- /home/marc/TicTacToe/index.html [1ms]
2023-05-10 13:11:16.463 [info] > git cat-file -s e69de29bb2d1d6434b8b29ae775ad8c2e48c5391 [1ms]
