2023-05-15 12:47:17.045 [info] Log level: Info
2023-05-15 12:47:17.045 [info] Validating found git in: "git"
2023-05-15 12:47:17.045 [info] Using git "2.34.1" from "git"
2023-05-15 12:47:17.045 [info] > git rev-parse --show-toplevel [73ms]
2023-05-15 12:47:17.045 [info] > git rev-parse --git-dir --git-common-dir [1ms]
2023-05-15 12:47:17.045 [info] Open repository: /home/marc/TicTacToe
2023-05-15 12:47:17.045 [info] > git config --get commit.template [37ms]
2023-05-15 12:47:17.045 [info] No remotes found in the git config file.
2023-05-15 12:47:17.045 [info] > git for-each-ref --format=%(refname)%00%(upstream:short)%00%(objectname)%00%(upstream:track)%00%(upstream:remotename)%00%(upstream:remoteref) refs/heads/master refs/remotes/master [4ms]
2023-05-15 12:47:17.045 [info] > git status -z -uall [7ms]
2023-05-15 12:47:17.051 [info] > git config --get commit.template [1ms]
2023-05-15 12:47:17.055 [info] No remotes found in the git config file.
2023-05-15 12:47:17.055 [info] > git for-each-ref --format=%(refname)%00%(upstream:short)%00%(objectname)%00%(upstream:track)%00%(upstream:remotename)%00%(upstream:remoteref) refs/heads/master refs/remotes/master [0ms]
2023-05-15 12:47:17.108 [info] > git status -z -uall [47ms]
2023-05-15 12:47:17.541 [info] > git show --textconv :gits basics.text [56ms]
2023-05-15 12:47:17.544 [info] > git check-ignore -v -z --stdin [17ms]
2023-05-15 12:47:17.561 [info] > git ls-files --stage -- /home/marc/TicTacToe/gits basics.text [63ms]
2023-05-15 13:39:15.114 [info] > git show --textconv :branching_excercise.txt [7ms]
2023-05-15 13:39:15.116 [info] > git ls-files --stage -- /home/marc/TicTacToe/branching_excercise.txt [2ms]
2023-05-15 13:39:15.338 [info] > git check-ignore -v -z --stdin [1ms]
2023-05-15 13:39:15.939 [info] No remotes found in the git config file.
2023-05-15 13:39:15.940 [info] > git config --get commit.template [9ms]
2023-05-15 13:39:15.940 [info] > git for-each-ref --format=%(refname)%00%(upstream:short)%00%(objectname)%00%(upstream:track)%00%(upstream:remotename)%00%(upstream:remoteref) refs/heads/master refs/remotes/master [1ms]
2023-05-15 13:39:15.955 [info] > git status -z -uall [1ms]
2023-05-15 13:52:58.888 [info] No remotes found in the git config file.
2023-05-15 13:52:58.889 [info] > git config --get commit.template [7ms]
2023-05-15 13:52:58.889 [info] > git for-each-ref --format=%(refname)%00%(upstream:short)%00%(objectname)%00%(upstream:track)%00%(upstream:remotename)%00%(upstream:remoteref) refs/heads/master refs/remotes/master [2ms]
2023-05-15 13:52:58.895 [info] > git status -z -uall [1ms]
