2023-04-28 17:29:34.092 [info] Log level: Info
2023-04-28 17:29:34.092 [info] Validating found git in: "git"
2023-04-28 17:29:34.092 [info] Using git "2.34.1" from "git"
2023-04-28 17:29:34.092 [info] > git rev-parse --show-toplevel [31ms]
2023-04-28 17:29:34.092 [info] fatal: not a git repository (or any of the parent directories): .git
2023-04-28 17:29:34.092 [info] > git rev-parse --show-toplevel [1ms]
2023-04-28 17:29:34.092 [info] fatal: not a git repository (or any of the parent directories): .git
2023-04-28 17:29:35.951 [info] > git rev-parse --show-toplevel [3ms]
2023-04-28 17:29:35.951 [info] fatal: not a git repository (or any of the parent directories): .git
2023-04-28 18:23:46.453 [info] > git rev-parse --show-toplevel [2ms]
2023-04-28 18:23:46.468 [info] > git rev-parse --git-dir --git-common-dir [1ms]
2023-04-28 18:23:46.487 [info] Open repository: /home/marc/TicTacToe
2023-04-28 18:23:46.508 [info] > git config --get commit.template [2ms]
2023-04-28 18:23:46.525 [info] No remotes found in the git config file.
2023-04-28 18:23:46.528 [info] > git for-each-ref --format=%(refname)%00%(upstream:short)%00%(objectname)%00%(upstream:track)%00%(upstream:remotename)%00%(upstream:remoteref) refs/heads/master refs/remotes/master [4ms]
2023-04-28 18:23:46.541 [info] > git status -z -uall [1ms]
2023-04-28 18:23:46.567 [info] No remotes found in the git config file.
2023-04-28 18:23:46.567 [info] > git config --get commit.template [11ms]
2023-04-28 18:23:46.568 [info] > git for-each-ref --format=%(refname)%00%(upstream:short)%00%(objectname)%00%(upstream:track)%00%(upstream:remotename)%00%(upstream:remoteref) refs/heads/master refs/remotes/master [2ms]
2023-04-28 18:23:46.598 [info] > git status -z -uall [18ms]
2023-04-28 18:23:46.949 [info] > git show --textconv :images [12ms]
2023-04-28 18:23:46.949 [info] > git show --textconv :command_line.txt [10ms]
2023-04-28 18:23:46.949 [info] > git ls-files --stage -- /home/marc/TicTacToe/images [5ms]
2023-04-28 18:23:46.953 [info] > git ls-files --stage -- /home/marc/TicTacToe/command_line.txt [4ms]
2023-04-28 18:23:47.013 [info] > git check-ignore -v -z --stdin [1ms]
2023-04-28 18:24:13.636 [info] > git config --get commit.template [2ms]
2023-04-28 18:24:13.652 [info] No remotes found in the git config file.
2023-04-28 18:24:13.652 [info] > git for-each-ref --format=%(refname)%00%(upstream:short)%00%(objectname)%00%(upstream:track)%00%(upstream:remotename)%00%(upstream:remoteref) refs/heads/master refs/remotes/master [3ms]
2023-04-28 18:24:13.662 [info] > git status -z -uall [1ms]
2023-04-28 18:24:20.010 [info] > git show --textconv :index.html [4ms]
2023-04-28 18:24:20.014 [info] > git ls-files --stage -- /home/marc/TicTacToe/index.html [5ms]
2023-04-28 18:41:24.140 [info] > git ls-files --stage -- /home/marc/TicTacToe/command_line.txt [7ms]
2023-04-28 18:41:24.141 [info] > git ls-files --stage -- /home/marc/TicTacToe/images [14ms]
2023-04-28 18:41:24.142 [info] > git config --get commit.template [23ms]
2023-04-28 18:41:24.146 [info] No remotes found in the git config file.
2023-04-28 18:41:24.147 [info] > git ls-files --stage -- /home/marc/TicTacToe/index.html [8ms]
2023-04-28 18:41:24.153 [info] > git for-each-ref --format=%(refname)%00%(upstream:short)%00%(objectname)%00%(upstream:track)%00%(upstream:remotename)%00%(upstream:remoteref) refs/heads/master refs/remotes/master [7ms]
2023-04-28 18:41:24.158 [info] > git cat-file -s e69de29bb2d1d6434b8b29ae775ad8c2e48c5391 [7ms]
2023-04-28 18:41:24.159 [info] > git status -z -uall [2ms]
2023-04-28 18:41:24.176 [info] > git show --textconv :command_line.txt [10ms]
2023-04-28 18:41:24.176 [info] > git show --textconv :images [5ms]
2023-04-28 18:41:24.177 [info] > git show --textconv :index.html [2ms]
